0 info it worked if it ends with ok
1 verbose cli [
1 verbose cli   'C:\\Program Files\\nodejs\\node.exe',
1 verbose cli   'C:\\Program Files\\nodejs\\node_modules\\npm\\bin\\npm-cli.js',
1 verbose cli   'install'
1 verbose cli ]
2 info using npm@1.3.8
3 info using node@v14.17.3
4 verbose readDependencies using package.json deps
5 verbose install where, deps [
5 verbose install   'C:\\Users\\Użytkownik\\Desktop\\application_with_server\\server-movie-list',
5 verbose install   [
5 verbose install     '@material-ui/core',
5 verbose install     '@testing-library/jest-dom',
5 verbose install     '@testing-library/react',
5 verbose install     '@testing-library/user-event',
5 verbose install     'antd',
5 verbose install     'class-names',
5 verbose install     'eslint-plugin-prettier',
5 verbose install     'formik',
5 verbose install     'lodash',
5 verbose install     'prettier',
5 verbose install     'react',
5 verbose install     'react-dom',
5 verbose install     'react-hook-form',
5 verbose install     'react-redux',
5 verbose install     'react-router-dom',
5 verbose install     'react-scripts',
5 verbose install     'react-select',
5 verbose install     'react-spinner',
5 verbose install     'react-transition-group',
5 verbose install     'redux',
5 verbose install     'redux-devtools-extension',
5 verbose install     'redux-form',
5 verbose install     'redux-thunk',
5 verbose install     'styled-components',
5 verbose install     'uuid',
5 verbose install     'yup'
5 verbose install   ]
5 verbose install ]
6 info preinstall server-movie-list@0.1.0
7 verbose readDependencies using package.json deps
8 verbose cache add [ '@material-ui/core@^4.11.3', null ]
9 verbose cache add name=undefined spec="@material-ui/core@^4.11.3" args=["@material-ui/core@^4.11.3",null]
10 verbose parsed url Url {
10 verbose parsed url   protocol: null,
10 verbose parsed url   slashes: null,
10 verbose parsed url   auth: null,
10 verbose parsed url   host: null,
10 verbose parsed url   port: null,
10 verbose parsed url   hostname: null,
10 verbose parsed url   hash: null,
10 verbose parsed url   search: null,
10 verbose parsed url   query: null,
10 verbose parsed url   pathname: '@material-ui/core@%5E4.11.3',
10 verbose parsed url   path: '@material-ui/core@%5E4.11.3',
10 verbose parsed url   href: '@material-ui/core@%5E4.11.3'
10 verbose parsed url }
11 verbose cache add name="" spec="material-ui/core@^4.11.3" args=["","material-ui/core@^4.11.3"]
12 verbose parsed url Url {
12 verbose parsed url   protocol: null,
12 verbose parsed url   slashes: null,
12 verbose parsed url   auth: null,
12 verbose parsed url   host: null,
12 verbose parsed url   port: null,
12 verbose parsed url   hostname: null,
12 verbose parsed url   hash: null,
12 verbose parsed url   search: null,
12 verbose parsed url   query: null,
12 verbose parsed url   pathname: 'material-ui/core@%5E4.11.3',
12 verbose parsed url   path: 'material-ui/core@%5E4.11.3',
12 verbose parsed url   href: 'material-ui/core@%5E4.11.3'
12 verbose parsed url }
13 verbose cache add name="material-ui/core" spec="^4.11.3" args=["material-ui/core","^4.11.3"]
14 verbose parsed url Url {
14 verbose parsed url   protocol: null,
14 verbose parsed url   slashes: null,
14 verbose parsed url   auth: null,
14 verbose parsed url   host: null,
14 verbose parsed url   port: null,
14 verbose parsed url   hostname: null,
14 verbose parsed url   hash: null,
14 verbose parsed url   search: null,
14 verbose parsed url   query: null,
14 verbose parsed url   pathname: '%5E4.11.3',
14 verbose parsed url   path: '%5E4.11.3',
14 verbose parsed url   href: '%5E4.11.3'
14 verbose parsed url }
15 verbose addNamed [ 'material-ui/core', '^4.11.3' ]
16 verbose addNamed [ null, '>=4.11.3-0 <5.0.0-0' ]
17 verbose cache add [ '@testing-library/jest-dom@^4.2.4', null ]
18 verbose cache add name=undefined spec="@testing-library/jest-dom@^4.2.4" args=["@testing-library/jest-dom@^4.2.4",null]
19 verbose parsed url Url {
19 verbose parsed url   protocol: null,
19 verbose parsed url   slashes: null,
19 verbose parsed url   auth: null,
19 verbose parsed url   host: null,
19 verbose parsed url   port: null,
19 verbose parsed url   hostname: null,
19 verbose parsed url   hash: null,
19 verbose parsed url   search: null,
19 verbose parsed url   query: null,
19 verbose parsed url   pathname: '@testing-library/jest-dom@%5E4.2.4',
19 verbose parsed url   path: '@testing-library/jest-dom@%5E4.2.4',
19 verbose parsed url   href: '@testing-library/jest-dom@%5E4.2.4'
19 verbose parsed url }
20 verbose cache add name="" spec="testing-library/jest-dom@^4.2.4" args=["","testing-library/jest-dom@^4.2.4"]
21 verbose parsed url Url {
21 verbose parsed url   protocol: null,
21 verbose parsed url   slashes: null,
21 verbose parsed url   auth: null,
21 verbose parsed url   host: null,
21 verbose parsed url   port: null,
21 verbose parsed url   hostname: null,
21 verbose parsed url   hash: null,
21 verbose parsed url   search: null,
21 verbose parsed url   query: null,
21 verbose parsed url   pathname: 'testing-library/jest-dom@%5E4.2.4',
21 verbose parsed url   path: 'testing-library/jest-dom@%5E4.2.4',
21 verbose parsed url   href: 'testing-library/jest-dom@%5E4.2.4'
21 verbose parsed url }
22 verbose cache add name="testing-library/jest-dom" spec="^4.2.4" args=["testing-library/jest-dom","^4.2.4"]
23 verbose parsed url Url {
23 verbose parsed url   protocol: null,
23 verbose parsed url   slashes: null,
23 verbose parsed url   auth: null,
23 verbose parsed url   host: null,
23 verbose parsed url   port: null,
23 verbose parsed url   hostname: null,
23 verbose parsed url   hash: null,
23 verbose parsed url   search: null,
23 verbose parsed url   query: null,
23 verbose parsed url   pathname: '%5E4.2.4',
23 verbose parsed url   path: '%5E4.2.4',
23 verbose parsed url   href: '%5E4.2.4'
23 verbose parsed url }
24 verbose addNamed [ 'testing-library/jest-dom', '^4.2.4' ]
25 verbose addNamed [ null, '>=4.2.4-0 <5.0.0-0' ]
26 verbose cache add [ '@testing-library/react@^9.3.2', null ]
27 verbose cache add name=undefined spec="@testing-library/react@^9.3.2" args=["@testing-library/react@^9.3.2",null]
28 verbose parsed url Url {
28 verbose parsed url   protocol: null,
28 verbose parsed url   slashes: null,
28 verbose parsed url   auth: null,
28 verbose parsed url   host: null,
28 verbose parsed url   port: null,
28 verbose parsed url   hostname: null,
28 verbose parsed url   hash: null,
28 verbose parsed url   search: null,
28 verbose parsed url   query: null,
28 verbose parsed url   pathname: '@testing-library/react@%5E9.3.2',
28 verbose parsed url   path: '@testing-library/react@%5E9.3.2',
28 verbose parsed url   href: '@testing-library/react@%5E9.3.2'
28 verbose parsed url }
29 verbose cache add name="" spec="testing-library/react@^9.3.2" args=["","testing-library/react@^9.3.2"]
30 verbose parsed url Url {
30 verbose parsed url   protocol: null,
30 verbose parsed url   slashes: null,
30 verbose parsed url   auth: null,
30 verbose parsed url   host: null,
30 verbose parsed url   port: null,
30 verbose parsed url   hostname: null,
30 verbose parsed url   hash: null,
30 verbose parsed url   search: null,
30 verbose parsed url   query: null,
30 verbose parsed url   pathname: 'testing-library/react@%5E9.3.2',
30 verbose parsed url   path: 'testing-library/react@%5E9.3.2',
30 verbose parsed url   href: 'testing-library/react@%5E9.3.2'
30 verbose parsed url }
31 verbose cache add name="testing-library/react" spec="^9.3.2" args=["testing-library/react","^9.3.2"]
32 verbose parsed url Url {
32 verbose parsed url   protocol: null,
32 verbose parsed url   slashes: null,
32 verbose parsed url   auth: null,
32 verbose parsed url   host: null,
32 verbose parsed url   port: null,
32 verbose parsed url   hostname: null,
32 verbose parsed url   hash: null,
32 verbose parsed url   search: null,
32 verbose parsed url   query: null,
32 verbose parsed url   pathname: '%5E9.3.2',
32 verbose parsed url   path: '%5E9.3.2',
32 verbose parsed url   href: '%5E9.3.2'
32 verbose parsed url }
33 verbose addNamed [ 'testing-library/react', '^9.3.2' ]
34 verbose addNamed [ null, '>=9.3.2-0 <10.0.0-0' ]
35 verbose cache add [ '@testing-library/user-event@^7.1.2', null ]
36 verbose cache add name=undefined spec="@testing-library/user-event@^7.1.2" args=["@testing-library/user-event@^7.1.2",null]
37 verbose parsed url Url {
37 verbose parsed url   protocol: null,
37 verbose parsed url   slashes: null,
37 verbose parsed url   auth: null,
37 verbose parsed url   host: null,
37 verbose parsed url   port: null,
37 verbose parsed url   hostname: null,
37 verbose parsed url   hash: null,
37 verbose parsed url   search: null,
37 verbose parsed url   query: null,
37 verbose parsed url   pathname: '@testing-library/user-event@%5E7.1.2',
37 verbose parsed url   path: '@testing-library/user-event@%5E7.1.2',
37 verbose parsed url   href: '@testing-library/user-event@%5E7.1.2'
37 verbose parsed url }
38 verbose cache add name="" spec="testing-library/user-event@^7.1.2" args=["","testing-library/user-event@^7.1.2"]
39 verbose parsed url Url {
39 verbose parsed url   protocol: null,
39 verbose parsed url   slashes: null,
39 verbose parsed url   auth: null,
39 verbose parsed url   host: null,
39 verbose parsed url   port: null,
39 verbose parsed url   hostname: null,
39 verbose parsed url   hash: null,
39 verbose parsed url   search: null,
39 verbose parsed url   query: null,
39 verbose parsed url   pathname: 'testing-library/user-event@%5E7.1.2',
39 verbose parsed url   path: 'testing-library/user-event@%5E7.1.2',
39 verbose parsed url   href: 'testing-library/user-event@%5E7.1.2'
39 verbose parsed url }
40 verbose cache add name="testing-library/user-event" spec="^7.1.2" args=["testing-library/user-event","^7.1.2"]
41 verbose parsed url Url {
41 verbose parsed url   protocol: null,
41 verbose parsed url   slashes: null,
41 verbose parsed url   auth: null,
41 verbose parsed url   host: null,
41 verbose parsed url   port: null,
41 verbose parsed url   hostname: null,
41 verbose parsed url   hash: null,
41 verbose parsed url   search: null,
41 verbose parsed url   query: null,
41 verbose parsed url   pathname: '%5E7.1.2',
41 verbose parsed url   path: '%5E7.1.2',
41 verbose parsed url   href: '%5E7.1.2'
41 verbose parsed url }
42 verbose addNamed [ 'testing-library/user-event', '^7.1.2' ]
43 verbose addNamed [ null, '>=7.1.2-0 <8.0.0-0' ]
44 verbose cache add [ 'antd@^4.5.2', null ]
45 verbose cache add name=undefined spec="antd@^4.5.2" args=["antd@^4.5.2",null]
46 verbose parsed url Url {
46 verbose parsed url   protocol: null,
46 verbose parsed url   slashes: null,
46 verbose parsed url   auth: null,
46 verbose parsed url   host: null,
46 verbose parsed url   port: null,
46 verbose parsed url   hostname: null,
46 verbose parsed url   hash: null,
46 verbose parsed url   search: null,
46 verbose parsed url   query: null,
46 verbose parsed url   pathname: 'antd@%5E4.5.2',
46 verbose parsed url   path: 'antd@%5E4.5.2',
46 verbose parsed url   href: 'antd@%5E4.5.2'
46 verbose parsed url }
47 verbose cache add name="antd" spec="^4.5.2" args=["antd","^4.5.2"]
48 verbose parsed url Url {
48 verbose parsed url   protocol: null,
48 verbose parsed url   slashes: null,
48 verbose parsed url   auth: null,
48 verbose parsed url   host: null,
48 verbose parsed url   port: null,
48 verbose parsed url   hostname: null,
48 verbose parsed url   hash: null,
48 verbose parsed url   search: null,
48 verbose parsed url   query: null,
48 verbose parsed url   pathname: '%5E4.5.2',
48 verbose parsed url   path: '%5E4.5.2',
48 verbose parsed url   href: '%5E4.5.2'
48 verbose parsed url }
49 verbose addNamed [ 'antd', '^4.5.2' ]
50 verbose addNamed [ null, '>=4.5.2-0 <5.0.0-0' ]
51 verbose cache add [ 'class-names@^1.0.0', null ]
52 verbose cache add name=undefined spec="class-names@^1.0.0" args=["class-names@^1.0.0",null]
53 verbose parsed url Url {
53 verbose parsed url   protocol: null,
53 verbose parsed url   slashes: null,
53 verbose parsed url   auth: null,
53 verbose parsed url   host: null,
53 verbose parsed url   port: null,
53 verbose parsed url   hostname: null,
53 verbose parsed url   hash: null,
53 verbose parsed url   search: null,
53 verbose parsed url   query: null,
53 verbose parsed url   pathname: 'class-names@%5E1.0.0',
53 verbose parsed url   path: 'class-names@%5E1.0.0',
53 verbose parsed url   href: 'class-names@%5E1.0.0'
53 verbose parsed url }
54 verbose cache add name="class-names" spec="^1.0.0" args=["class-names","^1.0.0"]
55 verbose parsed url Url {
55 verbose parsed url   protocol: null,
55 verbose parsed url   slashes: null,
55 verbose parsed url   auth: null,
55 verbose parsed url   host: null,
55 verbose parsed url   port: null,
55 verbose parsed url   hostname: null,
55 verbose parsed url   hash: null,
55 verbose parsed url   search: null,
55 verbose parsed url   query: null,
55 verbose parsed url   pathname: '%5E1.0.0',
55 verbose parsed url   path: '%5E1.0.0',
55 verbose parsed url   href: '%5E1.0.0'
55 verbose parsed url }
56 verbose addNamed [ 'class-names', '^1.0.0' ]
57 verbose addNamed [ null, '>=1.0.0-0 <2.0.0-0' ]
58 verbose cache add [ 'eslint-plugin-prettier@^3.3.1', null ]
59 verbose cache add name=undefined spec="eslint-plugin-prettier@^3.3.1" args=["eslint-plugin-prettier@^3.3.1",null]
60 verbose parsed url Url {
60 verbose parsed url   protocol: null,
60 verbose parsed url   slashes: null,
60 verbose parsed url   auth: null,
60 verbose parsed url   host: null,
60 verbose parsed url   port: null,
60 verbose parsed url   hostname: null,
60 verbose parsed url   hash: null,
60 verbose parsed url   search: null,
60 verbose parsed url   query: null,
60 verbose parsed url   pathname: 'eslint-plugin-prettier@%5E3.3.1',
60 verbose parsed url   path: 'eslint-plugin-prettier@%5E3.3.1',
60 verbose parsed url   href: 'eslint-plugin-prettier@%5E3.3.1'
60 verbose parsed url }
61 verbose cache add name="eslint-plugin-prettier" spec="^3.3.1" args=["eslint-plugin-prettier","^3.3.1"]
62 verbose parsed url Url {
62 verbose parsed url   protocol: null,
62 verbose parsed url   slashes: null,
62 verbose parsed url   auth: null,
62 verbose parsed url   host: null,
62 verbose parsed url   port: null,
62 verbose parsed url   hostname: null,
62 verbose parsed url   hash: null,
62 verbose parsed url   search: null,
62 verbose parsed url   query: null,
62 verbose parsed url   pathname: '%5E3.3.1',
62 verbose parsed url   path: '%5E3.3.1',
62 verbose parsed url   href: '%5E3.3.1'
62 verbose parsed url }
63 verbose addNamed [ 'eslint-plugin-prettier', '^3.3.1' ]
64 verbose addNamed [ null, '>=3.3.1-0 <4.0.0-0' ]
65 verbose cache add [ 'formik@^2.1.4', null ]
66 verbose cache add name=undefined spec="formik@^2.1.4" args=["formik@^2.1.4",null]
67 verbose parsed url Url {
67 verbose parsed url   protocol: null,
67 verbose parsed url   slashes: null,
67 verbose parsed url   auth: null,
67 verbose parsed url   host: null,
67 verbose parsed url   port: null,
67 verbose parsed url   hostname: null,
67 verbose parsed url   hash: null,
67 verbose parsed url   search: null,
67 verbose parsed url   query: null,
67 verbose parsed url   pathname: 'formik@%5E2.1.4',
67 verbose parsed url   path: 'formik@%5E2.1.4',
67 verbose parsed url   href: 'formik@%5E2.1.4'
67 verbose parsed url }
68 verbose cache add name="formik" spec="^2.1.4" args=["formik","^2.1.4"]
69 verbose parsed url Url {
69 verbose parsed url   protocol: null,
69 verbose parsed url   slashes: null,
69 verbose parsed url   auth: null,
69 verbose parsed url   host: null,
69 verbose parsed url   port: null,
69 verbose parsed url   hostname: null,
69 verbose parsed url   hash: null,
69 verbose parsed url   search: null,
69 verbose parsed url   query: null,
69 verbose parsed url   pathname: '%5E2.1.4',
69 verbose parsed url   path: '%5E2.1.4',
69 verbose parsed url   href: '%5E2.1.4'
69 verbose parsed url }
70 verbose addNamed [ 'formik', '^2.1.4' ]
71 verbose addNamed [ null, '>=2.1.4-0 <3.0.0-0' ]
72 verbose cache add [ 'lodash@^4.17.15', null ]
73 verbose cache add name=undefined spec="lodash@^4.17.15" args=["lodash@^4.17.15",null]
74 verbose parsed url Url {
74 verbose parsed url   protocol: null,
74 verbose parsed url   slashes: null,
74 verbose parsed url   auth: null,
74 verbose parsed url   host: null,
74 verbose parsed url   port: null,
74 verbose parsed url   hostname: null,
74 verbose parsed url   hash: null,
74 verbose parsed url   search: null,
74 verbose parsed url   query: null,
74 verbose parsed url   pathname: 'lodash@%5E4.17.15',
74 verbose parsed url   path: 'lodash@%5E4.17.15',
74 verbose parsed url   href: 'lodash@%5E4.17.15'
74 verbose parsed url }
75 verbose cache add name="lodash" spec="^4.17.15" args=["lodash","^4.17.15"]
76 verbose parsed url Url {
76 verbose parsed url   protocol: null,
76 verbose parsed url   slashes: null,
76 verbose parsed url   auth: null,
76 verbose parsed url   host: null,
76 verbose parsed url   port: null,
76 verbose parsed url   hostname: null,
76 verbose parsed url   hash: null,
76 verbose parsed url   search: null,
76 verbose parsed url   query: null,
76 verbose parsed url   pathname: '%5E4.17.15',
76 verbose parsed url   path: '%5E4.17.15',
76 verbose parsed url   href: '%5E4.17.15'
76 verbose parsed url }
77 verbose addNamed [ 'lodash', '^4.17.15' ]
78 verbose addNamed [ null, '>=4.17.15-0 <5.0.0-0' ]
79 verbose cache add [ 'prettier@^2.1.2', null ]
80 verbose cache add name=undefined spec="prettier@^2.1.2" args=["prettier@^2.1.2",null]
81 verbose parsed url Url {
81 verbose parsed url   protocol: null,
81 verbose parsed url   slashes: null,
81 verbose parsed url   auth: null,
81 verbose parsed url   host: null,
81 verbose parsed url   port: null,
81 verbose parsed url   hostname: null,
81 verbose parsed url   hash: null,
81 verbose parsed url   search: null,
81 verbose parsed url   query: null,
81 verbose parsed url   pathname: 'prettier@%5E2.1.2',
81 verbose parsed url   path: 'prettier@%5E2.1.2',
81 verbose parsed url   href: 'prettier@%5E2.1.2'
81 verbose parsed url }
82 verbose cache add name="prettier" spec="^2.1.2" args=["prettier","^2.1.2"]
83 verbose parsed url Url {
83 verbose parsed url   protocol: null,
83 verbose parsed url   slashes: null,
83 verbose parsed url   auth: null,
83 verbose parsed url   host: null,
83 verbose parsed url   port: null,
83 verbose parsed url   hostname: null,
83 verbose parsed url   hash: null,
83 verbose parsed url   search: null,
83 verbose parsed url   query: null,
83 verbose parsed url   pathname: '%5E2.1.2',
83 verbose parsed url   path: '%5E2.1.2',
83 verbose parsed url   href: '%5E2.1.2'
83 verbose parsed url }
84 verbose addNamed [ 'prettier', '^2.1.2' ]
85 verbose addNamed [ null, '>=2.1.2-0 <3.0.0-0' ]
86 verbose cache add [ 'react@^16.13.1', null ]
87 verbose cache add name=undefined spec="react@^16.13.1" args=["react@^16.13.1",null]
88 verbose parsed url Url {
88 verbose parsed url   protocol: null,
88 verbose parsed url   slashes: null,
88 verbose parsed url   auth: null,
88 verbose parsed url   host: null,
88 verbose parsed url   port: null,
88 verbose parsed url   hostname: null,
88 verbose parsed url   hash: null,
88 verbose parsed url   search: null,
88 verbose parsed url   query: null,
88 verbose parsed url   pathname: 'react@%5E16.13.1',
88 verbose parsed url   path: 'react@%5E16.13.1',
88 verbose parsed url   href: 'react@%5E16.13.1'
88 verbose parsed url }
89 verbose cache add name="react" spec="^16.13.1" args=["react","^16.13.1"]
90 verbose parsed url Url {
90 verbose parsed url   protocol: null,
90 verbose parsed url   slashes: null,
90 verbose parsed url   auth: null,
90 verbose parsed url   host: null,
90 verbose parsed url   port: null,
90 verbose parsed url   hostname: null,
90 verbose parsed url   hash: null,
90 verbose parsed url   search: null,
90 verbose parsed url   query: null,
90 verbose parsed url   pathname: '%5E16.13.1',
90 verbose parsed url   path: '%5E16.13.1',
90 verbose parsed url   href: '%5E16.13.1'
90 verbose parsed url }
91 verbose addNamed [ 'react', '^16.13.1' ]
92 verbose addNamed [ null, '>=16.13.1-0 <17.0.0-0' ]
93 silly lockFile 75f93cfb-material-ui-core-4-11-3 material-ui/core@^4.11.3
94 verbose lock material-ui/core@^4.11.3 C:\Users\Użytkownik\AppData\Roaming\npm-cache\75f93cfb-material-ui-core-4-11-3.lock
95 silly lockFile deda2443-testing-library-jest-dom-4-2-4 testing-library/jest-dom@^4.2.4
96 verbose lock testing-library/jest-dom@^4.2.4 C:\Users\Użytkownik\AppData\Roaming\npm-cache\deda2443-testing-library-jest-dom-4-2-4.lock
97 silly lockFile 07bf74a4-testing-library-react-9-3-2 testing-library/react@^9.3.2
98 verbose lock testing-library/react@^9.3.2 C:\Users\Użytkownik\AppData\Roaming\npm-cache\07bf74a4-testing-library-react-9-3-2.lock
99 silly lockFile 57c3d0b3-testing-library-user-event-7-1-2 testing-library/user-event@^7.1.2
100 verbose lock testing-library/user-event@^7.1.2 C:\Users\Użytkownik\AppData\Roaming\npm-cache\57c3d0b3-testing-library-user-event-7-1-2.lock
101 silly lockFile 0c6d6d76-antd-4-5-2 antd@^4.5.2
102 verbose lock antd@^4.5.2 C:\Users\Użytkownik\AppData\Roaming\npm-cache\0c6d6d76-antd-4-5-2.lock
103 silly lockFile 7f66801e-class-names-1-0-0 class-names@^1.0.0
104 verbose lock class-names@^1.0.0 C:\Users\Użytkownik\AppData\Roaming\npm-cache\7f66801e-class-names-1-0-0.lock
105 silly lockFile c8ad5a2c-eslint-plugin-prettier-3-3-1 eslint-plugin-prettier@^3.3.1
106 verbose lock eslint-plugin-prettier@^3.3.1 C:\Users\Użytkownik\AppData\Roaming\npm-cache\c8ad5a2c-eslint-plugin-prettier-3-3-1.lock
107 silly lockFile f522f497-formik-2-1-4 formik@^2.1.4
108 verbose lock formik@^2.1.4 C:\Users\Użytkownik\AppData\Roaming\npm-cache\f522f497-formik-2-1-4.lock
109 silly lockFile c7231224-lodash-4-17-15 lodash@^4.17.15
110 verbose lock lodash@^4.17.15 C:\Users\Użytkownik\AppData\Roaming\npm-cache\c7231224-lodash-4-17-15.lock
111 silly lockFile f5a849c0-prettier-2-1-2 prettier@^2.1.2
112 verbose lock prettier@^2.1.2 C:\Users\Użytkownik\AppData\Roaming\npm-cache\f5a849c0-prettier-2-1-2.lock
113 verbose cache add [ 'react-dom@^16.13.1', null ]
114 verbose cache add name=undefined spec="react-dom@^16.13.1" args=["react-dom@^16.13.1",null]
115 verbose parsed url Url {
115 verbose parsed url   protocol: null,
115 verbose parsed url   slashes: null,
115 verbose parsed url   auth: null,
115 verbose parsed url   host: null,
115 verbose parsed url   port: null,
115 verbose parsed url   hostname: null,
115 verbose parsed url   hash: null,
115 verbose parsed url   search: null,
115 verbose parsed url   query: null,
115 verbose parsed url   pathname: 'react-dom@%5E16.13.1',
115 verbose parsed url   path: 'react-dom@%5E16.13.1',
115 verbose parsed url   href: 'react-dom@%5E16.13.1'
115 verbose parsed url }
116 verbose cache add name="react-dom" spec="^16.13.1" args=["react-dom","^16.13.1"]
117 verbose parsed url Url {
117 verbose parsed url   protocol: null,
117 verbose parsed url   slashes: null,
117 verbose parsed url   auth: null,
117 verbose parsed url   host: null,
117 verbose parsed url   port: null,
117 verbose parsed url   hostname: null,
117 verbose parsed url   hash: null,
117 verbose parsed url   search: null,
117 verbose parsed url   query: null,
117 verbose parsed url   pathname: '%5E16.13.1',
117 verbose parsed url   path: '%5E16.13.1',
117 verbose parsed url   href: '%5E16.13.1'
117 verbose parsed url }
118 verbose addNamed [ 'react-dom', '^16.13.1' ]
119 verbose addNamed [ null, '>=16.13.1-0 <17.0.0-0' ]
120 silly lockFile 205900d8-react-dom-16-13-1 react-dom@^16.13.1
121 verbose lock react-dom@^16.13.1 C:\Users\Użytkownik\AppData\Roaming\npm-cache\205900d8-react-dom-16-13-1.lock
122 verbose cache add [ 'react-hook-form@^6.15.4', null ]
123 verbose cache add name=undefined spec="react-hook-form@^6.15.4" args=["react-hook-form@^6.15.4",null]
124 verbose parsed url Url {
124 verbose parsed url   protocol: null,
124 verbose parsed url   slashes: null,
124 verbose parsed url   auth: null,
124 verbose parsed url   host: null,
124 verbose parsed url   port: null,
124 verbose parsed url   hostname: null,
124 verbose parsed url   hash: null,
124 verbose parsed url   search: null,
124 verbose parsed url   query: null,
124 verbose parsed url   pathname: 'react-hook-form@%5E6.15.4',
124 verbose parsed url   path: 'react-hook-form@%5E6.15.4',
124 verbose parsed url   href: 'react-hook-form@%5E6.15.4'
124 verbose parsed url }
125 verbose cache add name="react-hook-form" spec="^6.15.4" args=["react-hook-form","^6.15.4"]
126 verbose parsed url Url {
126 verbose parsed url   protocol: null,
126 verbose parsed url   slashes: null,
126 verbose parsed url   auth: null,
126 verbose parsed url   host: null,
126 verbose parsed url   port: null,
126 verbose parsed url   hostname: null,
126 verbose parsed url   hash: null,
126 verbose parsed url   search: null,
126 verbose parsed url   query: null,
126 verbose parsed url   pathname: '%5E6.15.4',
126 verbose parsed url   path: '%5E6.15.4',
126 verbose parsed url   href: '%5E6.15.4'
126 verbose parsed url }
127 verbose addNamed [ 'react-hook-form', '^6.15.4' ]
128 verbose addNamed [ null, '>=6.15.4-0 <7.0.0-0' ]
129 silly lockFile 4ea1de71-react-hook-form-6-15-4 react-hook-form@^6.15.4
130 verbose lock react-hook-form@^6.15.4 C:\Users\Użytkownik\AppData\Roaming\npm-cache\4ea1de71-react-hook-form-6-15-4.lock
131 verbose cache add [ 'react-redux@^7.2.0', null ]
132 verbose cache add name=undefined spec="react-redux@^7.2.0" args=["react-redux@^7.2.0",null]
133 verbose parsed url Url {
133 verbose parsed url   protocol: null,
133 verbose parsed url   slashes: null,
133 verbose parsed url   auth: null,
133 verbose parsed url   host: null,
133 verbose parsed url   port: null,
133 verbose parsed url   hostname: null,
133 verbose parsed url   hash: null,
133 verbose parsed url   search: null,
133 verbose parsed url   query: null,
133 verbose parsed url   pathname: 'react-redux@%5E7.2.0',
133 verbose parsed url   path: 'react-redux@%5E7.2.0',
133 verbose parsed url   href: 'react-redux@%5E7.2.0'
133 verbose parsed url }
134 verbose cache add name="react-redux" spec="^7.2.0" args=["react-redux","^7.2.0"]
135 verbose parsed url Url {
135 verbose parsed url   protocol: null,
135 verbose parsed url   slashes: null,
135 verbose parsed url   auth: null,
135 verbose parsed url   host: null,
135 verbose parsed url   port: null,
135 verbose parsed url   hostname: null,
135 verbose parsed url   hash: null,
135 verbose parsed url   search: null,
135 verbose parsed url   query: null,
135 verbose parsed url   pathname: '%5E7.2.0',
135 verbose parsed url   path: '%5E7.2.0',
135 verbose parsed url   href: '%5E7.2.0'
135 verbose parsed url }
136 verbose addNamed [ 'react-redux', '^7.2.0' ]
137 verbose addNamed [ null, '>=7.2.0-0 <8.0.0-0' ]
138 silly lockFile 3ab7151f-react-redux-7-2-0 react-redux@^7.2.0
139 verbose lock react-redux@^7.2.0 C:\Users\Użytkownik\AppData\Roaming\npm-cache\3ab7151f-react-redux-7-2-0.lock
140 silly lockFile ecd056c4-react-16-13-1 react@^16.13.1
141 verbose lock react@^16.13.1 C:\Users\Użytkownik\AppData\Roaming\npm-cache\ecd056c4-react-16-13-1.lock
142 verbose cache add [ 'react-router-dom@^5.1.2', null ]
143 verbose cache add name=undefined spec="react-router-dom@^5.1.2" args=["react-router-dom@^5.1.2",null]
144 verbose parsed url Url {
144 verbose parsed url   protocol: null,
144 verbose parsed url   slashes: null,
144 verbose parsed url   auth: null,
144 verbose parsed url   host: null,
144 verbose parsed url   port: null,
144 verbose parsed url   hostname: null,
144 verbose parsed url   hash: null,
144 verbose parsed url   search: null,
144 verbose parsed url   query: null,
144 verbose parsed url   pathname: 'react-router-dom@%5E5.1.2',
144 verbose parsed url   path: 'react-router-dom@%5E5.1.2',
144 verbose parsed url   href: 'react-router-dom@%5E5.1.2'
144 verbose parsed url }
145 verbose cache add name="react-router-dom" spec="^5.1.2" args=["react-router-dom","^5.1.2"]
146 verbose parsed url Url {
146 verbose parsed url   protocol: null,
146 verbose parsed url   slashes: null,
146 verbose parsed url   auth: null,
146 verbose parsed url   host: null,
146 verbose parsed url   port: null,
146 verbose parsed url   hostname: null,
146 verbose parsed url   hash: null,
146 verbose parsed url   search: null,
146 verbose parsed url   query: null,
146 verbose parsed url   pathname: '%5E5.1.2',
146 verbose parsed url   path: '%5E5.1.2',
146 verbose parsed url   href: '%5E5.1.2'
146 verbose parsed url }
147 verbose addNamed [ 'react-router-dom', '^5.1.2' ]
148 verbose addNamed [ null, '>=5.1.2-0 <6.0.0-0' ]
149 silly lockFile e7b25030-react-router-dom-5-1-2 react-router-dom@^5.1.2
150 verbose lock react-router-dom@^5.1.2 C:\Users\Użytkownik\AppData\Roaming\npm-cache\e7b25030-react-router-dom-5-1-2.lock
151 verbose cache add [ 'react-scripts@3.4.1', null ]
152 verbose cache add name=undefined spec="react-scripts@3.4.1" args=["react-scripts@3.4.1",null]
153 verbose parsed url Url {
153 verbose parsed url   protocol: null,
153 verbose parsed url   slashes: null,
153 verbose parsed url   auth: null,
153 verbose parsed url   host: null,
153 verbose parsed url   port: null,
153 verbose parsed url   hostname: null,
153 verbose parsed url   hash: null,
153 verbose parsed url   search: null,
153 verbose parsed url   query: null,
153 verbose parsed url   pathname: 'react-scripts@3.4.1',
153 verbose parsed url   path: 'react-scripts@3.4.1',
153 verbose parsed url   href: 'react-scripts@3.4.1'
153 verbose parsed url }
154 verbose cache add name="react-scripts" spec="3.4.1" args=["react-scripts","3.4.1"]
155 verbose parsed url Url {
155 verbose parsed url   protocol: null,
155 verbose parsed url   slashes: null,
155 verbose parsed url   auth: null,
155 verbose parsed url   host: null,
155 verbose parsed url   port: null,
155 verbose parsed url   hostname: null,
155 verbose parsed url   hash: null,
155 verbose parsed url   search: null,
155 verbose parsed url   query: null,
155 verbose parsed url   pathname: '3.4.1',
155 verbose parsed url   path: '3.4.1',
155 verbose parsed url   href: '3.4.1'
155 verbose parsed url }
156 verbose addNamed [ 'react-scripts', '3.4.1' ]
157 verbose addNamed [ '3.4.1', '3.4.1' ]
158 silly lockFile b6cdd677-react-scripts-3-4-1 react-scripts@3.4.1
159 verbose lock react-scripts@3.4.1 C:\Users\Użytkownik\AppData\Roaming\npm-cache\b6cdd677-react-scripts-3-4-1.lock
160 verbose cache add [ 'react-select@^3.1.0', null ]
161 verbose cache add name=undefined spec="react-select@^3.1.0" args=["react-select@^3.1.0",null]
162 verbose parsed url Url {
162 verbose parsed url   protocol: null,
162 verbose parsed url   slashes: null,
162 verbose parsed url   auth: null,
162 verbose parsed url   host: null,
162 verbose parsed url   port: null,
162 verbose parsed url   hostname: null,
162 verbose parsed url   hash: null,
162 verbose parsed url   search: null,
162 verbose parsed url   query: null,
162 verbose parsed url   pathname: 'react-select@%5E3.1.0',
162 verbose parsed url   path: 'react-select@%5E3.1.0',
162 verbose parsed url   href: 'react-select@%5E3.1.0'
162 verbose parsed url }
163 verbose cache add name="react-select" spec="^3.1.0" args=["react-select","^3.1.0"]
164 verbose parsed url Url {
164 verbose parsed url   protocol: null,
164 verbose parsed url   slashes: null,
164 verbose parsed url   auth: null,
164 verbose parsed url   host: null,
164 verbose parsed url   port: null,
164 verbose parsed url   hostname: null,
164 verbose parsed url   hash: null,
164 verbose parsed url   search: null,
164 verbose parsed url   query: null,
164 verbose parsed url   pathname: '%5E3.1.0',
164 verbose parsed url   path: '%5E3.1.0',
164 verbose parsed url   href: '%5E3.1.0'
164 verbose parsed url }
165 verbose addNamed [ 'react-select', '^3.1.0' ]
166 verbose addNamed [ null, '>=3.1.0-0 <4.0.0-0' ]
167 silly lockFile f90c0fc2-react-select-3-1-0 react-select@^3.1.0
168 verbose lock react-select@^3.1.0 C:\Users\Użytkownik\AppData\Roaming\npm-cache\f90c0fc2-react-select-3-1-0.lock
169 verbose cache add [ 'react-spinner@^0.2.7', null ]
170 verbose cache add name=undefined spec="react-spinner@^0.2.7" args=["react-spinner@^0.2.7",null]
171 verbose parsed url Url {
171 verbose parsed url   protocol: null,
171 verbose parsed url   slashes: null,
171 verbose parsed url   auth: null,
171 verbose parsed url   host: null,
171 verbose parsed url   port: null,
171 verbose parsed url   hostname: null,
171 verbose parsed url   hash: null,
171 verbose parsed url   search: null,
171 verbose parsed url   query: null,
171 verbose parsed url   pathname: 'react-spinner@%5E0.2.7',
171 verbose parsed url   path: 'react-spinner@%5E0.2.7',
171 verbose parsed url   href: 'react-spinner@%5E0.2.7'
171 verbose parsed url }
172 verbose cache add name="react-spinner" spec="^0.2.7" args=["react-spinner","^0.2.7"]
173 verbose parsed url Url {
173 verbose parsed url   protocol: null,
173 verbose parsed url   slashes: null,
173 verbose parsed url   auth: null,
173 verbose parsed url   host: null,
173 verbose parsed url   port: null,
173 verbose parsed url   hostname: null,
173 verbose parsed url   hash: null,
173 verbose parsed url   search: null,
173 verbose parsed url   query: null,
173 verbose parsed url   pathname: '%5E0.2.7',
173 verbose parsed url   path: '%5E0.2.7',
173 verbose parsed url   href: '%5E0.2.7'
173 verbose parsed url }
174 verbose addNamed [ 'react-spinner', '^0.2.7' ]
175 verbose addNamed [ null, '>=0.2.7-0 <0.3.0-0' ]
176 silly lockFile 4f96c9e5-react-spinner-0-2-7 react-spinner@^0.2.7
177 verbose lock react-spinner@^0.2.7 C:\Users\Użytkownik\AppData\Roaming\npm-cache\4f96c9e5-react-spinner-0-2-7.lock
178 verbose cache add [ 'react-transition-group@^4.4.1', null ]
179 verbose cache add name=undefined spec="react-transition-group@^4.4.1" args=["react-transition-group@^4.4.1",null]
180 verbose parsed url Url {
180 verbose parsed url   protocol: null,
180 verbose parsed url   slashes: null,
180 verbose parsed url   auth: null,
180 verbose parsed url   host: null,
180 verbose parsed url   port: null,
180 verbose parsed url   hostname: null,
180 verbose parsed url   hash: null,
180 verbose parsed url   search: null,
180 verbose parsed url   query: null,
180 verbose parsed url   pathname: 'react-transition-group@%5E4.4.1',
180 verbose parsed url   path: 'react-transition-group@%5E4.4.1',
180 verbose parsed url   href: 'react-transition-group@%5E4.4.1'
180 verbose parsed url }
181 verbose cache add name="react-transition-group" spec="^4.4.1" args=["react-transition-group","^4.4.1"]
182 verbose parsed url Url {
182 verbose parsed url   protocol: null,
182 verbose parsed url   slashes: null,
182 verbose parsed url   auth: null,
182 verbose parsed url   host: null,
182 verbose parsed url   port: null,
182 verbose parsed url   hostname: null,
182 verbose parsed url   hash: null,
182 verbose parsed url   search: null,
182 verbose parsed url   query: null,
182 verbose parsed url   pathname: '%5E4.4.1',
182 verbose parsed url   path: '%5E4.4.1',
182 verbose parsed url   href: '%5E4.4.1'
182 verbose parsed url }
183 verbose addNamed [ 'react-transition-group', '^4.4.1' ]
184 verbose addNamed [ null, '>=4.4.1-0 <5.0.0-0' ]
185 silly lockFile 0322b91f-react-transition-group-4-4-1 react-transition-group@^4.4.1
186 verbose lock react-transition-group@^4.4.1 C:\Users\Użytkownik\AppData\Roaming\npm-cache\0322b91f-react-transition-group-4-4-1.lock
187 verbose cache add [ 'redux@^4.0.5', null ]
188 verbose cache add name=undefined spec="redux@^4.0.5" args=["redux@^4.0.5",null]
189 verbose parsed url Url {
189 verbose parsed url   protocol: null,
189 verbose parsed url   slashes: null,
189 verbose parsed url   auth: null,
189 verbose parsed url   host: null,
189 verbose parsed url   port: null,
189 verbose parsed url   hostname: null,
189 verbose parsed url   hash: null,
189 verbose parsed url   search: null,
189 verbose parsed url   query: null,
189 verbose parsed url   pathname: 'redux@%5E4.0.5',
189 verbose parsed url   path: 'redux@%5E4.0.5',
189 verbose parsed url   href: 'redux@%5E4.0.5'
189 verbose parsed url }
190 verbose cache add name="redux" spec="^4.0.5" args=["redux","^4.0.5"]
191 verbose parsed url Url {
191 verbose parsed url   protocol: null,
191 verbose parsed url   slashes: null,
191 verbose parsed url   auth: null,
191 verbose parsed url   host: null,
191 verbose parsed url   port: null,
191 verbose parsed url   hostname: null,
191 verbose parsed url   hash: null,
191 verbose parsed url   search: null,
191 verbose parsed url   query: null,
191 verbose parsed url   pathname: '%5E4.0.5',
191 verbose parsed url   path: '%5E4.0.5',
191 verbose parsed url   href: '%5E4.0.5'
191 verbose parsed url }
192 verbose addNamed [ 'redux', '^4.0.5' ]
193 verbose addNamed [ null, '>=4.0.5-0 <5.0.0-0' ]
194 silly lockFile e3fe9478-redux-4-0-5 redux@^4.0.5
195 verbose lock redux@^4.0.5 C:\Users\Użytkownik\AppData\Roaming\npm-cache\e3fe9478-redux-4-0-5.lock
196 verbose cache add [ 'redux-devtools-extension@^2.13.8', null ]
197 verbose cache add name=undefined spec="redux-devtools-extension@^2.13.8" args=["redux-devtools-extension@^2.13.8",null]
198 verbose parsed url Url {
198 verbose parsed url   protocol: null,
198 verbose parsed url   slashes: null,
198 verbose parsed url   auth: null,
198 verbose parsed url   host: null,
198 verbose parsed url   port: null,
198 verbose parsed url   hostname: null,
198 verbose parsed url   hash: null,
198 verbose parsed url   search: null,
198 verbose parsed url   query: null,
198 verbose parsed url   pathname: 'redux-devtools-extension@%5E2.13.8',
198 verbose parsed url   path: 'redux-devtools-extension@%5E2.13.8',
198 verbose parsed url   href: 'redux-devtools-extension@%5E2.13.8'
198 verbose parsed url }
199 verbose cache add name="redux-devtools-extension" spec="^2.13.8" args=["redux-devtools-extension","^2.13.8"]
200 verbose parsed url Url {
200 verbose parsed url   protocol: null,
200 verbose parsed url   slashes: null,
200 verbose parsed url   auth: null,
200 verbose parsed url   host: null,
200 verbose parsed url   port: null,
200 verbose parsed url   hostname: null,
200 verbose parsed url   hash: null,
200 verbose parsed url   search: null,
200 verbose parsed url   query: null,
200 verbose parsed url   pathname: '%5E2.13.8',
200 verbose parsed url   path: '%5E2.13.8',
200 verbose parsed url   href: '%5E2.13.8'
200 verbose parsed url }
201 verbose addNamed [ 'redux-devtools-extension', '^2.13.8' ]
202 verbose addNamed [ null, '>=2.13.8-0 <3.0.0-0' ]
203 silly lockFile 30bb7465-redux-devtools-extension-2-13-8 redux-devtools-extension@^2.13.8
204 verbose lock redux-devtools-extension@^2.13.8 C:\Users\Użytkownik\AppData\Roaming\npm-cache\30bb7465-redux-devtools-extension-2-13-8.lock
205 verbose cache add [ 'redux-form@^8.3.1', null ]
206 verbose cache add name=undefined spec="redux-form@^8.3.1" args=["redux-form@^8.3.1",null]
207 verbose parsed url Url {
207 verbose parsed url   protocol: null,
207 verbose parsed url   slashes: null,
207 verbose parsed url   auth: null,
207 verbose parsed url   host: null,
207 verbose parsed url   port: null,
207 verbose parsed url   hostname: null,
207 verbose parsed url   hash: null,
207 verbose parsed url   search: null,
207 verbose parsed url   query: null,
207 verbose parsed url   pathname: 'redux-form@%5E8.3.1',
207 verbose parsed url   path: 'redux-form@%5E8.3.1',
207 verbose parsed url   href: 'redux-form@%5E8.3.1'
207 verbose parsed url }
208 verbose cache add name="redux-form" spec="^8.3.1" args=["redux-form","^8.3.1"]
209 verbose parsed url Url {
209 verbose parsed url   protocol: null,
209 verbose parsed url   slashes: null,
209 verbose parsed url   auth: null,
209 verbose parsed url   host: null,
209 verbose parsed url   port: null,
209 verbose parsed url   hostname: null,
209 verbose parsed url   hash: null,
209 verbose parsed url   search: null,
209 verbose parsed url   query: null,
209 verbose parsed url   pathname: '%5E8.3.1',
209 verbose parsed url   path: '%5E8.3.1',
209 verbose parsed url   href: '%5E8.3.1'
209 verbose parsed url }
210 verbose addNamed [ 'redux-form', '^8.3.1' ]
211 verbose addNamed [ null, '>=8.3.1-0 <9.0.0-0' ]
212 silly lockFile c850a789-redux-form-8-3-1 redux-form@^8.3.1
213 verbose lock redux-form@^8.3.1 C:\Users\Użytkownik\AppData\Roaming\npm-cache\c850a789-redux-form-8-3-1.lock
214 verbose cache add [ 'redux-thunk@^2.3.0', null ]
215 verbose cache add name=undefined spec="redux-thunk@^2.3.0" args=["redux-thunk@^2.3.0",null]
216 verbose parsed url Url {
216 verbose parsed url   protocol: null,
216 verbose parsed url   slashes: null,
216 verbose parsed url   auth: null,
216 verbose parsed url   host: null,
216 verbose parsed url   port: null,
216 verbose parsed url   hostname: null,
216 verbose parsed url   hash: null,
216 verbose parsed url   search: null,
216 verbose parsed url   query: null,
216 verbose parsed url   pathname: 'redux-thunk@%5E2.3.0',
216 verbose parsed url   path: 'redux-thunk@%5E2.3.0',
216 verbose parsed url   href: 'redux-thunk@%5E2.3.0'
216 verbose parsed url }
217 verbose cache add name="redux-thunk" spec="^2.3.0" args=["redux-thunk","^2.3.0"]
218 verbose parsed url Url {
218 verbose parsed url   protocol: null,
218 verbose parsed url   slashes: null,
218 verbose parsed url   auth: null,
218 verbose parsed url   host: null,
218 verbose parsed url   port: null,
218 verbose parsed url   hostname: null,
218 verbose parsed url   hash: null,
218 verbose parsed url   search: null,
218 verbose parsed url   query: null,
218 verbose parsed url   pathname: '%5E2.3.0',
218 verbose parsed url   path: '%5E2.3.0',
218 verbose parsed url   href: '%5E2.3.0'
218 verbose parsed url }
219 verbose addNamed [ 'redux-thunk', '^2.3.0' ]
220 verbose addNamed [ null, '>=2.3.0-0 <3.0.0-0' ]
221 silly lockFile 8863c9e2-redux-thunk-2-3-0 redux-thunk@^2.3.0
222 verbose lock redux-thunk@^2.3.0 C:\Users\Użytkownik\AppData\Roaming\npm-cache\8863c9e2-redux-thunk-2-3-0.lock
223 verbose cache add [ 'styled-components@^5.2.1', null ]
224 verbose cache add name=undefined spec="styled-components@^5.2.1" args=["styled-components@^5.2.1",null]
225 verbose parsed url Url {
225 verbose parsed url   protocol: null,
225 verbose parsed url   slashes: null,
225 verbose parsed url   auth: null,
225 verbose parsed url   host: null,
225 verbose parsed url   port: null,
225 verbose parsed url   hostname: null,
225 verbose parsed url   hash: null,
225 verbose parsed url   search: null,
225 verbose parsed url   query: null,
225 verbose parsed url   pathname: 'styled-components@%5E5.2.1',
225 verbose parsed url   path: 'styled-components@%5E5.2.1',
225 verbose parsed url   href: 'styled-components@%5E5.2.1'
225 verbose parsed url }
226 verbose cache add name="styled-components" spec="^5.2.1" args=["styled-components","^5.2.1"]
227 verbose parsed url Url {
227 verbose parsed url   protocol: null,
227 verbose parsed url   slashes: null,
227 verbose parsed url   auth: null,
227 verbose parsed url   host: null,
227 verbose parsed url   port: null,
227 verbose parsed url   hostname: null,
227 verbose parsed url   hash: null,
227 verbose parsed url   search: null,
227 verbose parsed url   query: null,
227 verbose parsed url   pathname: '%5E5.2.1',
227 verbose parsed url   path: '%5E5.2.1',
227 verbose parsed url   href: '%5E5.2.1'
227 verbose parsed url }
228 verbose addNamed [ 'styled-components', '^5.2.1' ]
229 verbose addNamed [ null, '>=5.2.1-0 <6.0.0-0' ]
230 silly lockFile 3eab7b62-styled-components-5-2-1 styled-components@^5.2.1
231 verbose lock styled-components@^5.2.1 C:\Users\Użytkownik\AppData\Roaming\npm-cache\3eab7b62-styled-components-5-2-1.lock
232 verbose cache add [ 'uuid@^8.3.2', null ]
233 verbose cache add name=undefined spec="uuid@^8.3.2" args=["uuid@^8.3.2",null]
234 verbose parsed url Url {
234 verbose parsed url   protocol: null,
234 verbose parsed url   slashes: null,
234 verbose parsed url   auth: null,
234 verbose parsed url   host: null,
234 verbose parsed url   port: null,
234 verbose parsed url   hostname: null,
234 verbose parsed url   hash: null,
234 verbose parsed url   search: null,
234 verbose parsed url   query: null,
234 verbose parsed url   pathname: 'uuid@%5E8.3.2',
234 verbose parsed url   path: 'uuid@%5E8.3.2',
234 verbose parsed url   href: 'uuid@%5E8.3.2'
234 verbose parsed url }
235 verbose cache add name="uuid" spec="^8.3.2" args=["uuid","^8.3.2"]
236 verbose parsed url Url {
236 verbose parsed url   protocol: null,
236 verbose parsed url   slashes: null,
236 verbose parsed url   auth: null,
236 verbose parsed url   host: null,
236 verbose parsed url   port: null,
236 verbose parsed url   hostname: null,
236 verbose parsed url   hash: null,
236 verbose parsed url   search: null,
236 verbose parsed url   query: null,
236 verbose parsed url   pathname: '%5E8.3.2',
236 verbose parsed url   path: '%5E8.3.2',
236 verbose parsed url   href: '%5E8.3.2'
236 verbose parsed url }
237 verbose addNamed [ 'uuid', '^8.3.2' ]
238 verbose addNamed [ null, '>=8.3.2-0 <9.0.0-0' ]
239 silly lockFile 9cafefb3-uuid-8-3-2 uuid@^8.3.2
240 verbose lock uuid@^8.3.2 C:\Users\Użytkownik\AppData\Roaming\npm-cache\9cafefb3-uuid-8-3-2.lock
241 verbose cache add [ 'yup@^0.29.1', null ]
242 verbose cache add name=undefined spec="yup@^0.29.1" args=["yup@^0.29.1",null]
243 verbose parsed url Url {
243 verbose parsed url   protocol: null,
243 verbose parsed url   slashes: null,
243 verbose parsed url   auth: null,
243 verbose parsed url   host: null,
243 verbose parsed url   port: null,
243 verbose parsed url   hostname: null,
243 verbose parsed url   hash: null,
243 verbose parsed url   search: null,
243 verbose parsed url   query: null,
243 verbose parsed url   pathname: 'yup@%5E0.29.1',
243 verbose parsed url   path: 'yup@%5E0.29.1',
243 verbose parsed url   href: 'yup@%5E0.29.1'
243 verbose parsed url }
244 verbose cache add name="yup" spec="^0.29.1" args=["yup","^0.29.1"]
245 verbose parsed url Url {
245 verbose parsed url   protocol: null,
245 verbose parsed url   slashes: null,
245 verbose parsed url   auth: null,
245 verbose parsed url   host: null,
245 verbose parsed url   port: null,
245 verbose parsed url   hostname: null,
245 verbose parsed url   hash: null,
245 verbose parsed url   search: null,
245 verbose parsed url   query: null,
245 verbose parsed url   pathname: '%5E0.29.1',
245 verbose parsed url   path: '%5E0.29.1',
245 verbose parsed url   href: '%5E0.29.1'
245 verbose parsed url }
246 verbose addNamed [ 'yup', '^0.29.1' ]
247 verbose addNamed [ null, '>=0.29.1-0 <0.30.0-0' ]
248 silly lockFile 9b2ebef5-yup-0-29-1 yup@^0.29.1
249 verbose lock yup@^0.29.1 C:\Users\Użytkownik\AppData\Roaming\npm-cache\9b2ebef5-yup-0-29-1.lock
250 silly addNameRange {
250 silly addNameRange   name: 'material-ui/core',
250 silly addNameRange   range: '>=4.11.3-0 <5.0.0-0',
250 silly addNameRange   hasData: false
250 silly addNameRange }
251 silly addNameRange {
251 silly addNameRange   name: 'testing-library/jest-dom',
251 silly addNameRange   range: '>=4.2.4-0 <5.0.0-0',
251 silly addNameRange   hasData: false
251 silly addNameRange }
252 silly addNameRange {
252 silly addNameRange   name: 'testing-library/react',
252 silly addNameRange   range: '>=9.3.2-0 <10.0.0-0',
252 silly addNameRange   hasData: false
252 silly addNameRange }
253 silly addNameRange {
253 silly addNameRange   name: 'testing-library/user-event',
253 silly addNameRange   range: '>=7.1.2-0 <8.0.0-0',
253 silly addNameRange   hasData: false
253 silly addNameRange }
254 silly addNameRange { name: 'class-names', range: '>=1.0.0-0 <2.0.0-0', hasData: false }
255 silly addNameRange {
255 silly addNameRange   name: 'eslint-plugin-prettier',
255 silly addNameRange   range: '>=3.3.1-0 <4.0.0-0',
255 silly addNameRange   hasData: false
255 silly addNameRange }
256 silly addNameRange { name: 'lodash', range: '>=4.17.15-0 <5.0.0-0', hasData: false }
257 silly addNameRange { name: 'antd', range: '>=4.5.2-0 <5.0.0-0', hasData: false }
258 silly addNameRange { name: 'prettier', range: '>=2.1.2-0 <3.0.0-0', hasData: false }
259 silly addNameRange { name: 'react-dom', range: '>=16.13.1-0 <17.0.0-0', hasData: false }
260 silly addNameRange {
260 silly addNameRange   name: 'react-hook-form',
260 silly addNameRange   range: '>=6.15.4-0 <7.0.0-0',
260 silly addNameRange   hasData: false
260 silly addNameRange }
261 silly addNameRange { name: 'react-redux', range: '>=7.2.0-0 <8.0.0-0', hasData: false }
262 silly addNameRange { name: 'formik', range: '>=2.1.4-0 <3.0.0-0', hasData: false }
263 silly addNameRange { name: 'react', range: '>=16.13.1-0 <17.0.0-0', hasData: false }
264 silly addNameRange {
264 silly addNameRange   name: 'react-router-dom',
264 silly addNameRange   range: '>=5.1.2-0 <6.0.0-0',
264 silly addNameRange   hasData: false
264 silly addNameRange }
265 silly addNameRange { name: 'react-select', range: '>=3.1.0-0 <4.0.0-0', hasData: false }
266 silly addNameRange { name: 'react-spinner', range: '>=0.2.7-0 <0.3.0-0', hasData: false }
267 silly addNameRange {
267 silly addNameRange   name: 'react-transition-group',
267 silly addNameRange   range: '>=4.4.1-0 <5.0.0-0',
267 silly addNameRange   hasData: false
267 silly addNameRange }
268 silly addNameRange { name: 'redux', range: '>=4.0.5-0 <5.0.0-0', hasData: false }
269 silly addNameRange {
269 silly addNameRange   name: 'redux-devtools-extension',
269 silly addNameRange   range: '>=2.13.8-0 <3.0.0-0',
269 silly addNameRange   hasData: false
269 silly addNameRange }
270 silly addNameRange { name: 'redux-form', range: '>=8.3.1-0 <9.0.0-0', hasData: false }
271 silly addNameRange { name: 'redux-thunk', range: '>=2.3.0-0 <3.0.0-0', hasData: false }
272 silly addNameRange {
272 silly addNameRange   name: 'styled-components',
272 silly addNameRange   range: '>=5.2.1-0 <6.0.0-0',
272 silly addNameRange   hasData: false
272 silly addNameRange }
273 silly addNameRange { name: 'uuid', range: '>=8.3.2-0 <9.0.0-0', hasData: false }
274 silly addNameRange { name: 'yup', range: '>=0.29.1-0 <0.30.0-0', hasData: false }
275 verbose url raw material-ui/core
276 verbose url resolving [ 'https://registry.npmjs.org/', './material-ui/core' ]
277 verbose url resolved https://registry.npmjs.org/material-ui/core
278 info trying registry request attempt 1 at 09:52:48
279 http GET https://registry.npmjs.org/material-ui/core
280 verbose url raw testing-library/jest-dom
281 verbose url resolving [ 'https://registry.npmjs.org/', './testing-library/jest-dom' ]
282 verbose url resolved https://registry.npmjs.org/testing-library/jest-dom
283 info trying registry request attempt 1 at 09:52:48
284 http GET https://registry.npmjs.org/testing-library/jest-dom
285 verbose url raw testing-library/react
286 verbose url resolving [ 'https://registry.npmjs.org/', './testing-library/react' ]
287 verbose url resolved https://registry.npmjs.org/testing-library/react
288 info trying registry request attempt 1 at 09:52:48
289 http GET https://registry.npmjs.org/testing-library/react
290 verbose url raw testing-library/user-event
291 verbose url resolving [ 'https://registry.npmjs.org/', './testing-library/user-event' ]
292 verbose url resolved https://registry.npmjs.org/testing-library/user-event
293 info trying registry request attempt 1 at 09:52:48
294 http GET https://registry.npmjs.org/testing-library/user-event
295 verbose url raw class-names
296 verbose url resolving [ 'https://registry.npmjs.org/', './class-names' ]
297 verbose url resolved https://registry.npmjs.org/class-names
298 info trying registry request attempt 1 at 09:52:48
299 http GET https://registry.npmjs.org/class-names
300 verbose url raw eslint-plugin-prettier
301 verbose url resolving [ 'https://registry.npmjs.org/', './eslint-plugin-prettier' ]
302 verbose url resolved https://registry.npmjs.org/eslint-plugin-prettier
303 info trying registry request attempt 1 at 09:52:48
304 http GET https://registry.npmjs.org/eslint-plugin-prettier
305 verbose url raw lodash
306 verbose url resolving [ 'https://registry.npmjs.org/', './lodash' ]
307 verbose url resolved https://registry.npmjs.org/lodash
308 info trying registry request attempt 1 at 09:52:48
309 http GET https://registry.npmjs.org/lodash
310 verbose url raw antd
311 verbose url resolving [ 'https://registry.npmjs.org/', './antd' ]
312 verbose url resolved https://registry.npmjs.org/antd
313 info trying registry request attempt 1 at 09:52:48
314 http GET https://registry.npmjs.org/antd
315 verbose url raw prettier
316 verbose url resolving [ 'https://registry.npmjs.org/', './prettier' ]
317 verbose url resolved https://registry.npmjs.org/prettier
318 info trying registry request attempt 1 at 09:52:48
319 http GET https://registry.npmjs.org/prettier
320 verbose url raw react-dom
321 verbose url resolving [ 'https://registry.npmjs.org/', './react-dom' ]
322 verbose url resolved https://registry.npmjs.org/react-dom
323 info trying registry request attempt 1 at 09:52:48
324 http GET https://registry.npmjs.org/react-dom
325 verbose url raw react-hook-form
326 verbose url resolving [ 'https://registry.npmjs.org/', './react-hook-form' ]
327 verbose url resolved https://registry.npmjs.org/react-hook-form
328 info trying registry request attempt 1 at 09:52:48
329 http GET https://registry.npmjs.org/react-hook-form
330 verbose url raw react-redux
331 verbose url resolving [ 'https://registry.npmjs.org/', './react-redux' ]
332 verbose url resolved https://registry.npmjs.org/react-redux
333 info trying registry request attempt 1 at 09:52:48
334 http GET https://registry.npmjs.org/react-redux
335 verbose url raw formik
336 verbose url resolving [ 'https://registry.npmjs.org/', './formik' ]
337 verbose url resolved https://registry.npmjs.org/formik
338 info trying registry request attempt 1 at 09:52:48
339 http GET https://registry.npmjs.org/formik
340 verbose url raw react
341 verbose url resolving [ 'https://registry.npmjs.org/', './react' ]
342 verbose url resolved https://registry.npmjs.org/react
343 info trying registry request attempt 1 at 09:52:48
344 http GET https://registry.npmjs.org/react
345 verbose url raw react-router-dom
346 verbose url resolving [ 'https://registry.npmjs.org/', './react-router-dom' ]
347 verbose url resolved https://registry.npmjs.org/react-router-dom
348 info trying registry request attempt 1 at 09:52:48
349 http GET https://registry.npmjs.org/react-router-dom
350 verbose url raw react-scripts/3.4.1
351 verbose url resolving [ 'https://registry.npmjs.org/', './react-scripts/3.4.1' ]
352 verbose url resolved https://registry.npmjs.org/react-scripts/3.4.1
353 info trying registry request attempt 1 at 09:52:48
354 http GET https://registry.npmjs.org/react-scripts/3.4.1
355 verbose url raw react-select
356 verbose url resolving [ 'https://registry.npmjs.org/', './react-select' ]
357 verbose url resolved https://registry.npmjs.org/react-select
358 info trying registry request attempt 1 at 09:52:48
359 http GET https://registry.npmjs.org/react-select
360 verbose url raw react-spinner
361 verbose url resolving [ 'https://registry.npmjs.org/', './react-spinner' ]
362 verbose url resolved https://registry.npmjs.org/react-spinner
363 info trying registry request attempt 1 at 09:52:48
364 http GET https://registry.npmjs.org/react-spinner
365 verbose url raw react-transition-group
366 verbose url resolving [ 'https://registry.npmjs.org/', './react-transition-group' ]
367 verbose url resolved https://registry.npmjs.org/react-transition-group
368 info trying registry request attempt 1 at 09:52:48
369 http GET https://registry.npmjs.org/react-transition-group
370 verbose url raw redux
371 verbose url resolving [ 'https://registry.npmjs.org/', './redux' ]
372 verbose url resolved https://registry.npmjs.org/redux
373 info trying registry request attempt 1 at 09:52:48
374 http GET https://registry.npmjs.org/redux
375 verbose url raw redux-devtools-extension
376 verbose url resolving [ 'https://registry.npmjs.org/', './redux-devtools-extension' ]
377 verbose url resolved https://registry.npmjs.org/redux-devtools-extension
378 info trying registry request attempt 1 at 09:52:48
379 http GET https://registry.npmjs.org/redux-devtools-extension
380 verbose url raw redux-form
381 verbose url resolving [ 'https://registry.npmjs.org/', './redux-form' ]
382 verbose url resolved https://registry.npmjs.org/redux-form
383 info trying registry request attempt 1 at 09:52:48
384 http GET https://registry.npmjs.org/redux-form
385 verbose url raw redux-thunk
386 verbose url resolving [ 'https://registry.npmjs.org/', './redux-thunk' ]
387 verbose url resolved https://registry.npmjs.org/redux-thunk
388 info trying registry request attempt 1 at 09:52:48
389 http GET https://registry.npmjs.org/redux-thunk
390 verbose url raw styled-components
391 verbose url resolving [ 'https://registry.npmjs.org/', './styled-components' ]
392 verbose url resolved https://registry.npmjs.org/styled-components
393 info trying registry request attempt 1 at 09:52:48
394 http GET https://registry.npmjs.org/styled-components
395 verbose url raw uuid
396 verbose url resolving [ 'https://registry.npmjs.org/', './uuid' ]
397 verbose url resolved https://registry.npmjs.org/uuid
398 info trying registry request attempt 1 at 09:52:48
399 http GET https://registry.npmjs.org/uuid
400 verbose url raw yup
401 verbose url resolving [ 'https://registry.npmjs.org/', './yup' ]
402 verbose url resolved https://registry.npmjs.org/yup
403 info trying registry request attempt 1 at 09:52:48
404 http GET https://registry.npmjs.org/yup
405 info retry will retry, error on last attempt: Error: unable to get local issuer certificate
406 info retry will retry, error on last attempt: Error: unable to get local issuer certificate
407 info retry will retry, error on last attempt: Error: unable to get local issuer certificate
408 info retry will retry, error on last attempt: Error: unable to get local issuer certificate
409 info retry will retry, error on last attempt: Error: unable to get local issuer certificate
410 info retry will retry, error on last attempt: Error: unable to get local issuer certificate
411 info retry will retry, error on last attempt: Error: unable to get local issuer certificate
412 info retry will retry, error on last attempt: Error: unable to get local issuer certificate
413 info retry will retry, error on last attempt: Error: unable to get local issuer certificate
414 info retry will retry, error on last attempt: Error: unable to get local issuer certificate
415 info retry will retry, error on last attempt: Error: unable to get local issuer certificate
416 info retry will retry, error on last attempt: Error: unable to get local issuer certificate
417 info retry will retry, error on last attempt: Error: unable to get local issuer certificate
418 info retry will retry, error on last attempt: Error: unable to get local issuer certificate
419 info retry will retry, error on last attempt: Error: unable to get local issuer certificate
420 info retry will retry, error on last attempt: Error: unable to get local issuer certificate
421 info retry will retry, error on last attempt: Error: unable to get local issuer certificate
422 info retry will retry, error on last attempt: Error: unable to get local issuer certificate
423 info retry will retry, error on last attempt: Error: unable to get local issuer certificate
424 info retry will retry, error on last attempt: Error: unable to get local issuer certificate
425 info retry will retry, error on last attempt: Error: unable to get local issuer certificate
426 info retry will retry, error on last attempt: Error: unable to get local issuer certificate
427 info retry will retry, error on last attempt: Error: unable to get local issuer certificate
428 info retry will retry, error on last attempt: Error: unable to get local issuer certificate
429 info retry will retry, error on last attempt: Error: unable to get local issuer certificate
430 info retry will retry, error on last attempt: Error: unable to get local issuer certificate
431 info trying registry request attempt 2 at 09:52:58
432 http GET https://registry.npmjs.org/react-scripts/3.4.1
433 info trying registry request attempt 2 at 09:52:58
434 http GET https://registry.npmjs.org/react
435 info trying registry request attempt 2 at 09:52:58
436 http GET https://registry.npmjs.org/antd
437 info trying registry request attempt 2 at 09:52:58
438 http GET https://registry.npmjs.org/eslint-plugin-prettier
439 info trying registry request attempt 2 at 09:52:58
440 http GET https://registry.npmjs.org/material-ui/core
441 info trying registry request attempt 2 at 09:52:58
442 http GET https://registry.npmjs.org/testing-library/jest-dom
443 info trying registry request attempt 2 at 09:52:58
444 http GET https://registry.npmjs.org/testing-library/react
445 info trying registry request attempt 2 at 09:52:58
446 http GET https://registry.npmjs.org/react-dom
447 info trying registry request attempt 2 at 09:52:58
448 http GET https://registry.npmjs.org/redux-thunk
449 info trying registry request attempt 2 at 09:52:58
450 http GET https://registry.npmjs.org/redux-devtools-extension
451 info trying registry request attempt 2 at 09:52:58
452 http GET https://registry.npmjs.org/uuid
453 info trying registry request attempt 2 at 09:52:58
454 http GET https://registry.npmjs.org/lodash
455 info trying registry request attempt 2 at 09:52:58
456 http GET https://registry.npmjs.org/react-hook-form
457 info trying registry request attempt 2 at 09:52:58
458 http GET https://registry.npmjs.org/prettier
459 info trying registry request attempt 2 at 09:52:58
460 http GET https://registry.npmjs.org/react-spinner
461 info trying registry request attempt 2 at 09:52:58
462 http GET https://registry.npmjs.org/yup
463 info trying registry request attempt 2 at 09:52:58
464 http GET https://registry.npmjs.org/redux-form
465 info trying registry request attempt 2 at 09:52:58
466 http GET https://registry.npmjs.org/react-redux
467 info trying registry request attempt 2 at 09:52:58
468 http GET https://registry.npmjs.org/react-select
469 info trying registry request attempt 2 at 09:52:58
470 http GET https://registry.npmjs.org/testing-library/user-event
471 info trying registry request attempt 2 at 09:52:58
472 http GET https://registry.npmjs.org/formik
473 info trying registry request attempt 2 at 09:52:58
474 http GET https://registry.npmjs.org/react-router-dom
475 info trying registry request attempt 2 at 09:52:58
476 http GET https://registry.npmjs.org/styled-components
477 info trying registry request attempt 2 at 09:52:58
478 http GET https://registry.npmjs.org/react-transition-group
479 info trying registry request attempt 2 at 09:52:58
480 http GET https://registry.npmjs.org/redux
481 info trying registry request attempt 2 at 09:52:58
482 http GET https://registry.npmjs.org/class-names
483 info retry will retry, error on last attempt: Error: unable to get local issuer certificate
484 info retry will retry, error on last attempt: Error: unable to get local issuer certificate
485 info retry will retry, error on last attempt: Error: unable to get local issuer certificate
486 info retry will retry, error on last attempt: Error: unable to get local issuer certificate
487 info retry will retry, error on last attempt: Error: unable to get local issuer certificate
488 info retry will retry, error on last attempt: Error: unable to get local issuer certificate
489 info retry will retry, error on last attempt: Error: unable to get local issuer certificate
490 info retry will retry, error on last attempt: Error: unable to get local issuer certificate
491 info retry will retry, error on last attempt: Error: unable to get local issuer certificate
492 info retry will retry, error on last attempt: Error: unable to get local issuer certificate
493 info retry will retry, error on last attempt: Error: unable to get local issuer certificate
494 info retry will retry, error on last attempt: Error: unable to get local issuer certificate
495 info retry will retry, error on last attempt: Error: unable to get local issuer certificate
496 info retry will retry, error on last attempt: Error: unable to get local issuer certificate
497 info retry will retry, error on last attempt: Error: unable to get local issuer certificate
498 info retry will retry, error on last attempt: Error: unable to get local issuer certificate
499 info retry will retry, error on last attempt: Error: unable to get local issuer certificate
500 info retry will retry, error on last attempt: Error: unable to get local issuer certificate
501 info retry will retry, error on last attempt: Error: unable to get local issuer certificate
502 info retry will retry, error on last attempt: Error: unable to get local issuer certificate
503 info retry will retry, error on last attempt: Error: unable to get local issuer certificate
504 info retry will retry, error on last attempt: Error: unable to get local issuer certificate
505 info retry will retry, error on last attempt: Error: unable to get local issuer certificate
506 info retry will retry, error on last attempt: Error: unable to get local issuer certificate
507 info retry will retry, error on last attempt: Error: unable to get local issuer certificate
508 info retry will retry, error on last attempt: Error: unable to get local issuer certificate
509 info trying registry request attempt 3 at 09:53:58
510 http GET https://registry.npmjs.org/react
511 info trying registry request attempt 3 at 09:53:58
512 http GET https://registry.npmjs.org/antd
513 info trying registry request attempt 3 at 09:53:58
514 http GET https://registry.npmjs.org/react-select
515 info trying registry request attempt 3 at 09:53:58
516 http GET https://registry.npmjs.org/eslint-plugin-prettier
517 info trying registry request attempt 3 at 09:53:58
518 http GET https://registry.npmjs.org/testing-library/jest-dom
519 info trying registry request attempt 3 at 09:53:58
520 http GET https://registry.npmjs.org/react-scripts/3.4.1
521 info trying registry request attempt 3 at 09:53:58
522 http GET https://registry.npmjs.org/react-redux
523 info trying registry request attempt 3 at 09:53:58
524 http GET https://registry.npmjs.org/react-dom
525 info trying registry request attempt 3 at 09:53:58
526 http GET https://registry.npmjs.org/testing-library/react
527 info trying registry request attempt 3 at 09:53:58
528 http GET https://registry.npmjs.org/lodash
529 info trying registry request attempt 3 at 09:53:58
530 http GET https://registry.npmjs.org/react-transition-group
531 info trying registry request attempt 3 at 09:53:58
532 http GET https://registry.npmjs.org/react-spinner
533 info trying registry request attempt 3 at 09:53:58
534 http GET https://registry.npmjs.org/styled-components
535 info trying registry request attempt 3 at 09:53:58
536 http GET https://registry.npmjs.org/formik
537 info trying registry request attempt 3 at 09:53:58
538 http GET https://registry.npmjs.org/redux-thunk
539 info trying registry request attempt 3 at 09:53:58
540 http GET https://registry.npmjs.org/react-hook-form
541 info trying registry request attempt 3 at 09:53:58
542 http GET https://registry.npmjs.org/redux-devtools-extension
543 info trying registry request attempt 3 at 09:53:58
544 http GET https://registry.npmjs.org/class-names
545 info trying registry request attempt 3 at 09:53:58
546 http GET https://registry.npmjs.org/redux
547 info trying registry request attempt 3 at 09:53:58
548 http GET https://registry.npmjs.org/uuid
549 info trying registry request attempt 3 at 09:53:58
550 http GET https://registry.npmjs.org/prettier
551 info trying registry request attempt 3 at 09:53:58
552 http GET https://registry.npmjs.org/redux-form
553 info trying registry request attempt 3 at 09:53:58
554 http GET https://registry.npmjs.org/yup
555 info trying registry request attempt 3 at 09:53:58
556 http GET https://registry.npmjs.org/testing-library/user-event
557 info trying registry request attempt 3 at 09:53:58
558 http GET https://registry.npmjs.org/material-ui/core
559 info trying registry request attempt 3 at 09:53:58
560 http GET https://registry.npmjs.org/react-router-dom
561 silly lockFile ecd056c4-react-16-13-1 react@^16.13.1
562 silly lockFile ecd056c4-react-16-13-1 react@^16.13.1
563 silly lockFile deda2443-testing-library-jest-dom-4-2-4 testing-library/jest-dom@^4.2.4
564 silly lockFile deda2443-testing-library-jest-dom-4-2-4 testing-library/jest-dom@^4.2.4
565 silly lockFile e3fe9478-redux-4-0-5 redux@^4.0.5
566 silly lockFile e3fe9478-redux-4-0-5 redux@^4.0.5
567 silly lockFile 9cafefb3-uuid-8-3-2 uuid@^8.3.2
568 silly lockFile 9cafefb3-uuid-8-3-2 uuid@^8.3.2
569 silly lockFile 07bf74a4-testing-library-react-9-3-2 testing-library/react@^9.3.2
570 silly lockFile 07bf74a4-testing-library-react-9-3-2 testing-library/react@^9.3.2
571 silly lockFile f90c0fc2-react-select-3-1-0 react-select@^3.1.0
572 silly lockFile f90c0fc2-react-select-3-1-0 react-select@^3.1.0
573 silly lockFile f522f497-formik-2-1-4 formik@^2.1.4
574 silly lockFile f522f497-formik-2-1-4 formik@^2.1.4
575 silly lockFile f5a849c0-prettier-2-1-2 prettier@^2.1.2
576 silly lockFile f5a849c0-prettier-2-1-2 prettier@^2.1.2
577 silly lockFile 4ea1de71-react-hook-form-6-15-4 react-hook-form@^6.15.4
578 silly lockFile 4ea1de71-react-hook-form-6-15-4 react-hook-form@^6.15.4
579 silly lockFile 4f96c9e5-react-spinner-0-2-7 react-spinner@^0.2.7
580 silly lockFile 4f96c9e5-react-spinner-0-2-7 react-spinner@^0.2.7
581 silly lockFile b6cdd677-react-scripts-3-4-1 react-scripts@3.4.1
582 silly lockFile b6cdd677-react-scripts-3-4-1 react-scripts@3.4.1
583 silly lockFile 8863c9e2-redux-thunk-2-3-0 redux-thunk@^2.3.0
584 silly lockFile 8863c9e2-redux-thunk-2-3-0 redux-thunk@^2.3.0
585 silly lockFile c8ad5a2c-eslint-plugin-prettier-3-3-1 eslint-plugin-prettier@^3.3.1
586 silly lockFile c8ad5a2c-eslint-plugin-prettier-3-3-1 eslint-plugin-prettier@^3.3.1
587 silly lockFile 30bb7465-redux-devtools-extension-2-13-8 redux-devtools-extension@^2.13.8
588 silly lockFile 30bb7465-redux-devtools-extension-2-13-8 redux-devtools-extension@^2.13.8
589 silly lockFile 0c6d6d76-antd-4-5-2 antd@^4.5.2
590 silly lockFile 0c6d6d76-antd-4-5-2 antd@^4.5.2
591 silly lockFile 75f93cfb-material-ui-core-4-11-3 material-ui/core@^4.11.3
592 silly lockFile 75f93cfb-material-ui-core-4-11-3 material-ui/core@^4.11.3
593 silly lockFile 9b2ebef5-yup-0-29-1 yup@^0.29.1
594 silly lockFile 9b2ebef5-yup-0-29-1 yup@^0.29.1
595 silly lockFile c850a789-redux-form-8-3-1 redux-form@^8.3.1
596 silly lockFile c850a789-redux-form-8-3-1 redux-form@^8.3.1
597 silly lockFile 0322b91f-react-transition-group-4-4-1 react-transition-group@^4.4.1
598 silly lockFile 0322b91f-react-transition-group-4-4-1 react-transition-group@^4.4.1
599 silly lockFile 3eab7b62-styled-components-5-2-1 styled-components@^5.2.1
600 silly lockFile 3eab7b62-styled-components-5-2-1 styled-components@^5.2.1
601 silly lockFile c7231224-lodash-4-17-15 lodash@^4.17.15
602 silly lockFile c7231224-lodash-4-17-15 lodash@^4.17.15
603 silly lockFile 3ab7151f-react-redux-7-2-0 react-redux@^7.2.0
604 silly lockFile 3ab7151f-react-redux-7-2-0 react-redux@^7.2.0
605 silly lockFile 57c3d0b3-testing-library-user-event-7-1-2 testing-library/user-event@^7.1.2
606 silly lockFile 57c3d0b3-testing-library-user-event-7-1-2 testing-library/user-event@^7.1.2
607 silly lockFile 7f66801e-class-names-1-0-0 class-names@^1.0.0
608 silly lockFile 7f66801e-class-names-1-0-0 class-names@^1.0.0
609 silly lockFile e7b25030-react-router-dom-5-1-2 react-router-dom@^5.1.2
610 silly lockFile e7b25030-react-router-dom-5-1-2 react-router-dom@^5.1.2
611 silly lockFile 205900d8-react-dom-16-13-1 react-dom@^16.13.1
612 silly lockFile 205900d8-react-dom-16-13-1 react-dom@^16.13.1
613 error Error: unable to get local issuer certificate
613 error     at TLSSocket.onConnectSecure (_tls_wrap.js:1514:34)
613 error     at TLSSocket.emit (events.js:375:28)
613 error     at TLSSocket._finishInit (_tls_wrap.js:936:8)
613 error     at TLSWrap.ssl.onhandshakedone (_tls_wrap.js:708:12)
614 error If you need help, you may report this log at:
614 error     <http://github.com/isaacs/npm/issues>
614 error or email it to:
614 error     <npm-@googlegroups.com>
615 error System Windows_NT 10.0.19042
616 error command "C:\\Program Files\\nodejs\\node.exe" "C:\\Program Files\\nodejs\\node_modules\\npm\\bin\\npm-cli.js" "install"
617 error cwd C:\Users\Użytkownik\Desktop\application_with_server\server-movie-list
618 error node -v v14.17.3
619 error npm -v 1.3.8
620 error code UNABLE_TO_GET_ISSUER_CERT_LOCALLY
621 verbose exit [ 1, true ]
